<?xml version="1.0" encoding="UTF-8"?>
<!-- Generated by org.testng.reporters.JUnitReportReporter -->
<testsuite skipped="0" hostname="DESKTOP-MD28Q7M" name="testscript.Tc7" tests="1" failures="0" timestamp="2023-07-03T10:05:42 IST" time="18.644" errors="0">
  <testcase name="deleteExistinglead" time="18.644" classname="testscript.Tc7"/>
  <system-out/>
</testsuite> <!-- testscript.Tc7 -->
