<?xml version="1.0" encoding="UTF-8"?>
<!-- Generated by org.testng.reporters.JUnitReportReporter -->
<testsuite skipped="0" hostname="DESKTOP-MD28Q7M" name="testscript.Tc4" tests="1" failures="0" timestamp="2023-06-30T09:20:17 IST" time="18.488" errors="0">
  <testcase name="createOrganizationWithTypeAndIndustry" time="18.488" classname="testscript.Tc4"/>
  <system-out/>
</testsuite> <!-- testscript.Tc4 -->
