<?xml version="1.0" encoding="UTF-8"?>
<!-- Generated by org.testng.reporters.JUnitReportReporter -->
<testsuite skipped="0" hostname="DESKTOP-MD28Q7M" name="testscript.Tc6Test" tests="1" failures="0" timestamp="2023-07-04T18:12:19 IST" time="22.852" errors="0">
  <testcase name="createContactDuplicate" time="22.852" classname="testscript.Tc6Test"/>
  <system-out/>
</testsuite> <!-- testscript.Tc6Test -->
