<?xml version="1.0" encoding="UTF-8"?>
<!-- Generated by org.testng.reporters.JUnitReportReporter -->
<testsuite skipped="0" hostname="DESKTOP-MD28Q7M" name="testscript.Tc3" tests="1" failures="0" timestamp="2023-06-29T10:09:58 IST" time="42.685" errors="0">
  <testcase name="LeadDuplicate" time="42.685" classname="testscript.Tc3"/>
  <system-out/>
</testsuite> <!-- testscript.Tc3 -->
