<?xml version="1.0" encoding="UTF-8"?>
<!-- Generated by org.testng.reporters.JUnitReportReporter -->
<testsuite skipped="0" hostname="DESKTOP-MD28Q7M" name="testscript.Tc5" tests="1" failures="0" timestamp="2023-06-30T09:41:31 IST" time="16.874" errors="0">
  <testcase name="leadWithMandatoryFiled" time="16.874" classname="testscript.Tc5"/>
  <system-out/>
</testsuite> <!-- testscript.Tc5 -->
