<?xml version="1.0" encoding="UTF-8"?>
<!-- Generated by org.testng.reporters.JUnitReportReporter -->
<testsuite skipped="0" hostname="DESKTOP-MD28Q7M" name="testscript.Tc1" tests="1" failures="0" timestamp="2023-06-29T23:07:40 IST" time="12.566" errors="0">
  <testcase name="createContactWithMandField" time="12.566" classname="testscript.Tc1"/>
  <system-out/>
</testsuite> <!-- testscript.Tc1 -->
