<?xml version="1.0" encoding="UTF-8"?>
<!-- Generated by org.testng.reporters.JUnitReportReporter -->
<testsuite skipped="0" hostname="DESKTOP-MD28Q7M" name="dataProvider.Methods" tests="4" failures="0" timestamp="2023-06-16T10:02:42 IST" time="0.047" errors="0">
  <testcase name="testmethod" time="0.004" classname="dataProvider.Methods"/>
  <system-out/>
  <testcase name="testmethod" time="0.009" classname="dataProvider.Methods"/>
  <system-out/>
  <testcase name="testmethod" time="0.019" classname="dataProvider.Methods"/>
  <system-out/>
  <testcase name="testmethod" time="0.015" classname="dataProvider.Methods"/>
  <system-out/>
</testsuite> <!-- dataProvider.Methods -->
