<?xml version="1.0" encoding="UTF-8"?>
<!-- Generated by org.testng.reporters.JUnitReportReporter -->
<testsuite skipped="0" hostname="DESKTOP-MD28Q7M" name="testscript.Tc6" tests="1" failures="0" timestamp="2023-07-03T10:02:05 IST" time="48.868" errors="0">
  <testcase name="createContactDuplicate" time="48.868" classname="testscript.Tc6"/>
  <system-out/>
</testsuite> <!-- testscript.Tc6 -->
