<?xml version="1.0" encoding="UTF-8"?>
<!-- Generated by org.testng.reporters.JUnitReportReporter -->
<testsuite skipped="0" hostname="DESKTOP-MD28Q7M" name="testscript.Tc8" tests="1" failures="0" timestamp="2023-07-04T09:23:04 IST" time="26.938" errors="0">
  <testcase name="newEvent" time="26.938" classname="testscript.Tc8"/>
  <system-out/>
</testsuite> <!-- testscript.Tc8 -->
