<?xml version="1.0" encoding="UTF-8"?>
<!-- Generated by org.testng.reporters.JUnitReportReporter -->
<testsuite skipped="0" hostname="DESKTOP-MD28Q7M" name="testscript.Tc5Test" tests="1" failures="0" timestamp="2023-07-04T18:12:19 IST" time="14.424" errors="0">
  <testcase name="leadWithMandatoryFiled" time="14.424" classname="testscript.Tc5Test"/>
  <system-out/>
</testsuite> <!-- testscript.Tc5Test -->
